0 info it worked if it ends with ok
1 verbose cli [ '/Users/iangroff/.nvm/v0.10.30/bin/node',
1 verbose cli   '/Users/iangroff/.nvm/v0.10.30/bin/npm',
1 verbose cli   'start' ]
2 info using npm@1.4.21
3 info using node@v0.10.30
4 verbose run-script [ 'prestart', 'start', 'poststart' ]
5 info prestart application@0.0.1
6 info start application@0.0.1
7 verbose unsafe-perm in lifecycle true
8 info application@0.0.1 Failed to exec start script
9 error application@0.0.1 start: `export APP_NAME=$(basename `pwd`); test -r "~/${APP_NAME}.env" && source ~/${APP_NAME}.env ; node server.js`
9 error Exit status 8
10 error Failed at the application@0.0.1 start script.
10 error This is most likely a problem with the application package,
10 error not with npm itself.
10 error Tell the author that this fails on your system:
10 error     export APP_NAME=$(basename `pwd`); test -r "~/${APP_NAME}.env" && source ~/${APP_NAME}.env ; node server.js
10 error You can get their info via:
10 error     npm owner ls application
10 error There is likely additional logging output above.
11 error System Darwin 13.2.0
12 error command "/Users/iangroff/.nvm/v0.10.30/bin/node" "/Users/iangroff/.nvm/v0.10.30/bin/npm" "start"
13 error cwd /Users/iangroff/my_temp/express
14 error node -v v0.10.30
15 error npm -v 1.4.21
16 error code ELIFECYCLE
17 verbose exit [ 1, true ]
